[INFO ] 2020-10-13 22:47:57,918 [main] c.j.r.RestaurantsystemApplication - Starting RestaurantsystemApplication on LAPTOP-JT8LVH4O with PID 12840 (C:\Users\jc\Desktop\DBCourseDesign\restaurant-management-system\restaurant-management-system-back-end\target\classes started by jc in C:\Users\jc\Desktop\DBCourseDesign\restaurant-management-system\restaurant-management-system-back-end)
[INFO ] 2020-10-13 22:47:57,919 [main] c.j.r.RestaurantsystemApplication - No active profile set, falling back to default profiles: default
[INFO ] 2020-10-13 22:47:59,072 [main] o.s.b.w.e.tomcat.TomcatWebServer - Tomcat initialized with port(s): 8080 (http)
[INFO ] 2020-10-13 22:47:59,081 [main] o.a.coyote.http11.Http11NioProtocol - Initializing ProtocolHandler ["http-nio-8080"]
[INFO ] 2020-10-13 22:47:59,082 [main] o.a.catalina.core.StandardService - Starting service [Tomcat]
[INFO ] 2020-10-13 22:47:59,082 [main] o.a.catalina.core.StandardEngine - Starting Servlet engine: [Apache Tomcat/9.0.38]
[INFO ] 2020-10-13 22:47:59,144 [main] o.a.c.c.C.[Tomcat].[localhost].[/] - Initializing Spring embedded WebApplicationContext
[INFO ] 2020-10-13 22:47:59,144 [main] o.s.b.w.s.c.ServletWebServerApplicationContext - Root WebApplicationContext: initialization completed in 1182 ms
[INFO ] 2020-10-13 22:47:59,606 [main] c.j.r.config.JedisConfig - JedisPool注入成功！
[INFO ] 2020-10-13 22:47:59,610 [main] c.j.r.config.JedisConfig - redis地址：47.99.162.57:6379
[INFO ] 2020-10-13 22:47:59,630 [main] s.d.s.w.PropertySourcedRequestMappingHandlerMapping - Mapped URL path [/v2/api-docs] onto method [springfox.documentation.swagger2.web.Swagger2Controller#getDocumentation(String, HttpServletRequest)]
[INFO ] 2020-10-13 22:47:59,698 [main] o.s.s.c.ThreadPoolTaskExecutor - Initializing ExecutorService 'applicationTaskExecutor'
[INFO ] 2020-10-13 22:47:59,860 [main] o.a.coyote.http11.Http11NioProtocol - Starting ProtocolHandler ["http-nio-8080"]
[INFO ] 2020-10-13 22:47:59,888 [main] o.s.b.w.e.tomcat.TomcatWebServer - Tomcat started on port(s): 8080 (http) with context path ''
[INFO ] 2020-10-13 22:47:59,889 [main] s.d.s.w.p.DocumentationPluginsBootstrapper - Context refreshed
[INFO ] 2020-10-13 22:47:59,903 [main] s.d.s.w.p.DocumentationPluginsBootstrapper - Found 1 custom documentation plugin(s)
[INFO ] 2020-10-13 22:47:59,934 [main] s.d.s.w.s.ApiListingReferenceScanner - Scanning for api listing references
[INFO ] 2020-10-13 22:48:00,083 [main] s.d.s.w.r.o.CachingOperationNameGenerator - Generating unique operation named: getByTasteUsingGET_1
[INFO ] 2020-10-13 22:48:00,098 [main] s.d.s.w.r.o.CachingOperationNameGenerator - Generating unique operation named: loginUsingPOST_1
[INFO ] 2020-10-13 22:48:00,111 [main] s.d.s.w.r.o.CachingOperationNameGenerator - Generating unique operation named: deleteUsingPOST_1
[INFO ] 2020-10-13 22:48:00,113 [main] s.d.s.w.r.o.CachingOperationNameGenerator - Generating unique operation named: getbackPassUsingPOST_1
[INFO ] 2020-10-13 22:48:00,116 [main] s.d.s.w.r.o.CachingOperationNameGenerator - Generating unique operation named: loginUsingPOST_2
[INFO ] 2020-10-13 22:48:00,118 [main] s.d.s.w.r.o.CachingOperationNameGenerator - Generating unique operation named: modifyPassUsingPOST_1
[INFO ] 2020-10-13 22:48:00,153 [main] c.j.r.RestaurantsystemApplication - Started RestaurantsystemApplication in 2.497 seconds (JVM running for 3.496)
[INFO ] 2020-10-13 22:53:39,584 [main] c.j.r.RestaurantsystemApplication - Starting RestaurantsystemApplication on LAPTOP-JT8LVH4O with PID 2552 (C:\Users\jc\Desktop\DBCourseDesign\restaurant-management-system\restaurant-management-system-back-end\target\classes started by jc in C:\Users\jc\Desktop\DBCourseDesign\restaurant-management-system\restaurant-management-system-back-end)
[INFO ] 2020-10-13 22:53:39,585 [main] c.j.r.RestaurantsystemApplication - No active profile set, falling back to default profiles: default
[INFO ] 2020-10-13 22:53:40,520 [main] o.s.b.w.e.tomcat.TomcatWebServer - Tomcat initialized with port(s): 8080 (http)
[INFO ] 2020-10-13 22:53:40,526 [main] o.a.coyote.http11.Http11NioProtocol - Initializing ProtocolHandler ["http-nio-8080"]
[INFO ] 2020-10-13 22:53:40,526 [main] o.a.catalina.core.StandardService - Starting service [Tomcat]
[INFO ] 2020-10-13 22:53:40,527 [main] o.a.catalina.core.StandardEngine - Starting Servlet engine: [Apache Tomcat/9.0.38]
[INFO ] 2020-10-13 22:53:40,582 [main] o.a.c.c.C.[Tomcat].[localhost].[/] - Initializing Spring embedded WebApplicationContext
[INFO ] 2020-10-13 22:53:40,582 [main] o.s.b.w.s.c.ServletWebServerApplicationContext - Root WebApplicationContext: initialization completed in 954 ms
[INFO ] 2020-10-13 22:53:40,626 [main] o.a.catalina.core.StandardService - Stopping service [Tomcat]
[INFO ] 2020-10-13 22:54:12,536 [main] c.j.r.RestaurantsystemApplication - Starting RestaurantsystemApplication on LAPTOP-JT8LVH4O with PID 15232 (C:\Users\jc\Desktop\DBCourseDesign\restaurant-management-system\restaurant-management-system-back-end\target\classes started by jc in C:\Users\jc\Desktop\DBCourseDesign\restaurant-management-system\restaurant-management-system-back-end)
[INFO ] 2020-10-13 22:54:12,537 [main] c.j.r.RestaurantsystemApplication - No active profile set, falling back to default profiles: default
[INFO ] 2020-10-13 22:54:13,541 [main] o.s.b.w.e.tomcat.TomcatWebServer - Tomcat initialized with port(s): 8080 (http)
[INFO ] 2020-10-13 22:54:13,547 [main] o.a.coyote.http11.Http11NioProtocol - Initializing ProtocolHandler ["http-nio-8080"]
[INFO ] 2020-10-13 22:54:13,547 [main] o.a.catalina.core.StandardService - Starting service [Tomcat]
[INFO ] 2020-10-13 22:54:13,547 [main] o.a.catalina.core.StandardEngine - Starting Servlet engine: [Apache Tomcat/9.0.38]
[INFO ] 2020-10-13 22:54:13,606 [main] o.a.c.c.C.[Tomcat].[localhost].[/] - Initializing Spring embedded WebApplicationContext
[INFO ] 2020-10-13 22:54:13,606 [main] o.s.b.w.s.c.ServletWebServerApplicationContext - Root WebApplicationContext: initialization completed in 1014 ms
[INFO ] 2020-10-13 22:54:13,840 [main] c.j.r.config.JedisConfig - JedisPool注入成功！
[INFO ] 2020-10-13 22:54:13,842 [main] c.j.r.config.JedisConfig - redis地址：47.99.162.57:6379
[INFO ] 2020-10-13 22:54:14,081 [main] s.d.s.w.PropertySourcedRequestMappingHandlerMapping - Mapped URL path [/v2/api-docs] onto method [springfox.documentation.swagger2.web.Swagger2Controller#getDocumentation(String, HttpServletRequest)]
[INFO ] 2020-10-13 22:54:14,142 [main] o.s.s.c.ThreadPoolTaskExecutor - Initializing ExecutorService 'applicationTaskExecutor'
[INFO ] 2020-10-13 22:54:14,239 [main] o.a.coyote.http11.Http11NioProtocol - Starting ProtocolHandler ["http-nio-8080"]
[INFO ] 2020-10-13 22:54:14,257 [main] o.s.b.w.e.tomcat.TomcatWebServer - Tomcat started on port(s): 8080 (http) with context path ''
[INFO ] 2020-10-13 22:54:14,258 [main] s.d.s.w.p.DocumentationPluginsBootstrapper - Context refreshed
[INFO ] 2020-10-13 22:54:14,270 [main] s.d.s.w.p.DocumentationPluginsBootstrapper - Found 1 custom documentation plugin(s)
[INFO ] 2020-10-13 22:54:14,298 [main] s.d.s.w.s.ApiListingReferenceScanner - Scanning for api listing references
[INFO ] 2020-10-13 22:54:14,388 [main] s.d.s.w.r.o.CachingOperationNameGenerator - Generating unique operation named: getByTasteUsingGET_1
[INFO ] 2020-10-13 22:54:14,397 [main] s.d.s.w.r.o.CachingOperationNameGenerator - Generating unique operation named: loginUsingPOST_1
[INFO ] 2020-10-13 22:54:14,404 [main] s.d.s.w.r.o.CachingOperationNameGenerator - Generating unique operation named: deleteUsingPOST_1
[INFO ] 2020-10-13 22:54:14,406 [main] s.d.s.w.r.o.CachingOperationNameGenerator - Generating unique operation named: getbackPassUsingPOST_1
[INFO ] 2020-10-13 22:54:14,407 [main] s.d.s.w.r.o.CachingOperationNameGenerator - Generating unique operation named: loginUsingPOST_2
[INFO ] 2020-10-13 22:54:14,409 [main] s.d.s.w.r.o.CachingOperationNameGenerator - Generating unique operation named: modifyPassUsingPOST_1
[INFO ] 2020-10-13 22:54:14,428 [main] c.j.r.RestaurantsystemApplication - Started RestaurantsystemApplication in 2.17 seconds (JVM running for 3.156)
[INFO ] 2020-10-13 22:54:28,632 [http-nio-8080-exec-1] o.a.tomcat.util.http.parser.Cookie - A cookie header was received [1602220130,1602225982,1602251898] that contained an invalid cookie. That cookie will be ignored.
 Note: further occurrences of this error will be logged at DEBUG level.
[INFO ] 2020-10-13 22:54:28,638 [http-nio-8080-exec-1] o.a.c.c.C.[Tomcat].[localhost].[/] - Initializing Spring DispatcherServlet 'dispatcherServlet'
[INFO ] 2020-10-13 22:54:28,638 [http-nio-8080-exec-1] o.s.web.servlet.DispatcherServlet - Initializing Servlet 'dispatcherServlet'
[INFO ] 2020-10-13 22:54:28,644 [http-nio-8080-exec-1] o.s.web.servlet.DispatcherServlet - Completed initialization in 6 ms
[INFO ] 2020-10-13 22:55:26,656 [main] c.j.r.RestaurantsystemApplication - Starting RestaurantsystemApplication on LAPTOP-JT8LVH4O with PID 12508 (C:\Users\jc\Desktop\DBCourseDesign\restaurant-management-system\restaurant-management-system-back-end\target\classes started by jc in C:\Users\jc\Desktop\DBCourseDesign\restaurant-management-system\restaurant-management-system-back-end)
[INFO ] 2020-10-13 22:55:26,657 [main] c.j.r.RestaurantsystemApplication - No active profile set, falling back to default profiles: default
[INFO ] 2020-10-13 22:55:27,625 [main] o.s.b.w.e.tomcat.TomcatWebServer - Tomcat initialized with port(s): 8080 (http)
[INFO ] 2020-10-13 22:55:27,631 [main] o.a.coyote.http11.Http11NioProtocol - Initializing ProtocolHandler ["http-nio-8080"]
[INFO ] 2020-10-13 22:55:27,631 [main] o.a.catalina.core.StandardService - Starting service [Tomcat]
[INFO ] 2020-10-13 22:55:27,631 [main] o.a.catalina.core.StandardEngine - Starting Servlet engine: [Apache Tomcat/9.0.38]
[INFO ] 2020-10-13 22:55:27,691 [main] o.a.c.c.C.[Tomcat].[localhost].[/] - Initializing Spring embedded WebApplicationContext
[INFO ] 2020-10-13 22:55:27,691 [main] o.s.b.w.s.c.ServletWebServerApplicationContext - Root WebApplicationContext: initialization completed in 989 ms
[INFO ] 2020-10-13 22:55:27,885 [main] c.j.r.config.JedisConfig - JedisPool注入成功！
[INFO ] 2020-10-13 22:55:27,887 [main] c.j.r.config.JedisConfig - redis地址：47.99.162.57:6379
[INFO ] 2020-10-13 22:55:28,093 [main] s.d.s.w.PropertySourcedRequestMappingHandlerMapping - Mapped URL path [/v2/api-docs] onto method [springfox.documentation.swagger2.web.Swagger2Controller#getDocumentation(String, HttpServletRequest)]
[INFO ] 2020-10-13 22:55:28,149 [main] o.s.s.c.ThreadPoolTaskExecutor - Initializing ExecutorService 'applicationTaskExecutor'
[INFO ] 2020-10-13 22:55:28,263 [main] o.a.coyote.http11.Http11NioProtocol - Starting ProtocolHandler ["http-nio-8080"]
[INFO ] 2020-10-13 22:55:28,279 [main] o.s.b.w.e.tomcat.TomcatWebServer - Tomcat started on port(s): 8080 (http) with context path ''
[INFO ] 2020-10-13 22:55:28,280 [main] s.d.s.w.p.DocumentationPluginsBootstrapper - Context refreshed
[INFO ] 2020-10-13 22:55:28,290 [main] s.d.s.w.p.DocumentationPluginsBootstrapper - Found 1 custom documentation plugin(s)
[INFO ] 2020-10-13 22:55:28,308 [main] s.d.s.w.s.ApiListingReferenceScanner - Scanning for api listing references
[INFO ] 2020-10-13 22:55:28,393 [main] s.d.s.w.r.o.CachingOperationNameGenerator - Generating unique operation named: getByTasteUsingGET_1
[INFO ] 2020-10-13 22:55:28,403 [main] s.d.s.w.r.o.CachingOperationNameGenerator - Generating unique operation named: loginUsingPOST_1
[INFO ] 2020-10-13 22:55:28,411 [main] s.d.s.w.r.o.CachingOperationNameGenerator - Generating unique operation named: deleteUsingPOST_1
[INFO ] 2020-10-13 22:55:28,414 [main] s.d.s.w.r.o.CachingOperationNameGenerator - Generating unique operation named: getbackPassUsingPOST_1
[INFO ] 2020-10-13 22:55:28,415 [main] s.d.s.w.r.o.CachingOperationNameGenerator - Generating unique operation named: loginUsingPOST_2
[INFO ] 2020-10-13 22:55:28,417 [main] s.d.s.w.r.o.CachingOperationNameGenerator - Generating unique operation named: modifyPassUsingPOST_1
[INFO ] 2020-10-13 22:55:28,439 [main] c.j.r.RestaurantsystemApplication - Started RestaurantsystemApplication in 2.019 seconds (JVM running for 2.909)
[INFO ] 2020-10-13 22:55:32,493 [http-nio-8080-exec-1] o.a.tomcat.util.http.parser.Cookie - A cookie header was received [1602220130,1602225982,1602251898] that contained an invalid cookie. That cookie will be ignored.
 Note: further occurrences of this error will be logged at DEBUG level.
[INFO ] 2020-10-13 22:55:32,499 [http-nio-8080-exec-1] o.a.c.c.C.[Tomcat].[localhost].[/] - Initializing Spring DispatcherServlet 'dispatcherServlet'
[INFO ] 2020-10-13 22:55:32,499 [http-nio-8080-exec-1] o.s.web.servlet.DispatcherServlet - Initializing Servlet 'dispatcherServlet'
[INFO ] 2020-10-13 22:55:32,504 [http-nio-8080-exec-1] o.s.web.servlet.DispatcherServlet - Completed initialization in 5 ms
[INFO ] 2020-10-13 22:58:52,287 [main] c.j.r.RestaurantsystemApplication - Starting RestaurantsystemApplication on LAPTOP-JT8LVH4O with PID 14580 (C:\Users\jc\Desktop\DBCourseDesign\restaurant-management-system\restaurant-management-system-back-end\target\classes started by jc in C:\Users\jc\Desktop\DBCourseDesign\restaurant-management-system\restaurant-management-system-back-end)
[INFO ] 2020-10-13 22:58:52,289 [main] c.j.r.RestaurantsystemApplication - No active profile set, falling back to default profiles: default
[INFO ] 2020-10-13 22:58:53,242 [main] o.s.b.w.e.tomcat.TomcatWebServer - Tomcat initialized with port(s): 8080 (http)
[INFO ] 2020-10-13 22:58:53,249 [main] o.a.coyote.http11.Http11NioProtocol - Initializing ProtocolHandler ["http-nio-8080"]
[INFO ] 2020-10-13 22:58:53,249 [main] o.a.catalina.core.StandardService - Starting service [Tomcat]
[INFO ] 2020-10-13 22:58:53,249 [main] o.a.catalina.core.StandardEngine - Starting Servlet engine: [Apache Tomcat/9.0.38]
[INFO ] 2020-10-13 22:58:53,315 [main] o.a.c.c.C.[Tomcat].[localhost].[/] - Initializing Spring embedded WebApplicationContext
[INFO ] 2020-10-13 22:58:53,315 [main] o.s.b.w.s.c.ServletWebServerApplicationContext - Root WebApplicationContext: initialization completed in 975 ms
[INFO ] 2020-10-13 22:58:53,520 [main] c.j.r.config.JedisConfig - JedisPool注入成功！
[INFO ] 2020-10-13 22:58:53,522 [main] c.j.r.config.JedisConfig - redis地址：47.99.162.57:6379
[INFO ] 2020-10-13 22:58:53,709 [main] s.d.s.w.PropertySourcedRequestMappingHandlerMapping - Mapped URL path [/v2/api-docs] onto method [springfox.documentation.swagger2.web.Swagger2Controller#getDocumentation(String, HttpServletRequest)]
[INFO ] 2020-10-13 22:58:53,763 [main] o.s.s.c.ThreadPoolTaskExecutor - Initializing ExecutorService 'applicationTaskExecutor'
[INFO ] 2020-10-13 22:58:53,859 [main] o.a.coyote.http11.Http11NioProtocol - Starting ProtocolHandler ["http-nio-8080"]
[INFO ] 2020-10-13 22:58:53,876 [main] o.s.b.w.e.tomcat.TomcatWebServer - Tomcat started on port(s): 8080 (http) with context path ''
[INFO ] 2020-10-13 22:58:53,876 [main] s.d.s.w.p.DocumentationPluginsBootstrapper - Context refreshed
[INFO ] 2020-10-13 22:58:53,886 [main] s.d.s.w.p.DocumentationPluginsBootstrapper - Found 1 custom documentation plugin(s)
[INFO ] 2020-10-13 22:58:53,905 [main] s.d.s.w.s.ApiListingReferenceScanner - Scanning for api listing references
[INFO ] 2020-10-13 22:58:53,982 [main] s.d.s.w.r.o.CachingOperationNameGenerator - Generating unique operation named: getByTasteUsingGET_1
[INFO ] 2020-10-13 22:58:53,991 [main] s.d.s.w.r.o.CachingOperationNameGenerator - Generating unique operation named: loginUsingPOST_1
[INFO ] 2020-10-13 22:58:53,999 [main] s.d.s.w.r.o.CachingOperationNameGenerator - Generating unique operation named: deleteUsingPOST_1
[INFO ] 2020-10-13 22:58:54,000 [main] s.d.s.w.r.o.CachingOperationNameGenerator - Generating unique operation named: getbackPassUsingPOST_1
[INFO ] 2020-10-13 22:58:54,002 [main] s.d.s.w.r.o.CachingOperationNameGenerator - Generating unique operation named: loginUsingPOST_2
[INFO ] 2020-10-13 22:58:54,003 [main] s.d.s.w.r.o.CachingOperationNameGenerator - Generating unique operation named: modifyPassUsingPOST_1
[INFO ] 2020-10-13 22:58:54,023 [main] c.j.r.RestaurantsystemApplication - Started RestaurantsystemApplication in 1.993 seconds (JVM running for 2.933)
[INFO ] 2020-10-13 22:59:23,740 [http-nio-8080-exec-1] o.a.tomcat.util.http.parser.Cookie - A cookie header was received [1602220130,1602225982,1602251898] that contained an invalid cookie. That cookie will be ignored.
 Note: further occurrences of this error will be logged at DEBUG level.
[INFO ] 2020-10-13 22:59:23,746 [http-nio-8080-exec-1] o.a.c.c.C.[Tomcat].[localhost].[/] - Initializing Spring DispatcherServlet 'dispatcherServlet'
[INFO ] 2020-10-13 22:59:23,746 [http-nio-8080-exec-1] o.s.web.servlet.DispatcherServlet - Initializing Servlet 'dispatcherServlet'
[INFO ] 2020-10-13 22:59:23,751 [http-nio-8080-exec-1] o.s.web.servlet.DispatcherServlet - Completed initialization in 5 ms
[INFO ] 2020-10-13 23:03:03,061 [main] c.j.r.RestaurantsystemApplication - Starting RestaurantsystemApplication on LAPTOP-JT8LVH4O with PID 13588 (C:\Users\jc\Desktop\DBCourseDesign\restaurant-management-system\restaurant-management-system-back-end\target\classes started by jc in C:\Users\jc\Desktop\DBCourseDesign\restaurant-management-system\restaurant-management-system-back-end)
[INFO ] 2020-10-13 23:03:03,063 [main] c.j.r.RestaurantsystemApplication - No active profile set, falling back to default profiles: default
[INFO ] 2020-10-13 23:03:04,145 [main] o.s.b.w.e.tomcat.TomcatWebServer - Tomcat initialized with port(s): 8080 (http)
[INFO ] 2020-10-13 23:03:04,152 [main] o.a.coyote.http11.Http11NioProtocol - Initializing ProtocolHandler ["http-nio-8080"]
[INFO ] 2020-10-13 23:03:04,152 [main] o.a.catalina.core.StandardService - Starting service [Tomcat]
[INFO ] 2020-10-13 23:03:04,152 [main] o.a.catalina.core.StandardEngine - Starting Servlet engine: [Apache Tomcat/9.0.38]
[INFO ] 2020-10-13 23:03:04,247 [main] o.a.c.c.C.[Tomcat].[localhost].[/] - Initializing Spring embedded WebApplicationContext
[INFO ] 2020-10-13 23:03:04,247 [main] o.s.b.w.s.c.ServletWebServerApplicationContext - Root WebApplicationContext: initialization completed in 1129 ms
[INFO ] 2020-10-13 23:03:04,454 [main] c.j.r.config.JedisConfig - JedisPool注入成功！
[INFO ] 2020-10-13 23:03:04,456 [main] c.j.r.config.JedisConfig - redis地址：47.99.162.57:6379
[INFO ] 2020-10-13 23:03:07,469 [main] o.a.catalina.core.StandardService - Stopping service [Tomcat]
[INFO ] 2020-10-13 23:04:34,384 [main] c.j.r.RestaurantsystemApplication - Starting RestaurantsystemApplication on LAPTOP-JT8LVH4O with PID 4700 (C:\Users\jc\Desktop\DBCourseDesign\restaurant-management-system\restaurant-management-system-back-end\target\classes started by jc in C:\Users\jc\Desktop\DBCourseDesign\restaurant-management-system\restaurant-management-system-back-end)
[INFO ] 2020-10-13 23:04:34,385 [main] c.j.r.RestaurantsystemApplication - No active profile set, falling back to default profiles: default
[INFO ] 2020-10-13 23:04:35,311 [main] o.s.b.w.e.tomcat.TomcatWebServer - Tomcat initialized with port(s): 8080 (http)
[INFO ] 2020-10-13 23:04:35,317 [main] o.a.coyote.http11.Http11NioProtocol - Initializing ProtocolHandler ["http-nio-8080"]
[INFO ] 2020-10-13 23:04:35,318 [main] o.a.catalina.core.StandardService - Starting service [Tomcat]
[INFO ] 2020-10-13 23:04:35,318 [main] o.a.catalina.core.StandardEngine - Starting Servlet engine: [Apache Tomcat/9.0.38]
[INFO ] 2020-10-13 23:04:35,376 [main] o.a.c.c.C.[Tomcat].[localhost].[/] - Initializing Spring embedded WebApplicationContext
[INFO ] 2020-10-13 23:04:35,376 [main] o.s.b.w.s.c.ServletWebServerApplicationContext - Root WebApplicationContext: initialization completed in 948 ms
[INFO ] 2020-10-13 23:04:35,569 [main] c.j.r.config.JedisConfig - JedisPool注入成功！
[INFO ] 2020-10-13 23:04:35,571 [main] c.j.r.config.JedisConfig - redis地址：47.99.162.57:6379
[INFO ] 2020-10-13 23:04:37,765 [main] o.a.catalina.core.StandardService - Stopping service [Tomcat]
[INFO ] 2020-10-13 23:04:56,590 [main] c.j.r.RestaurantsystemApplication - Starting RestaurantsystemApplication on LAPTOP-JT8LVH4O with PID 14312 (C:\Users\jc\Desktop\DBCourseDesign\restaurant-management-system\restaurant-management-system-back-end\target\classes started by jc in C:\Users\jc\Desktop\DBCourseDesign\restaurant-management-system\restaurant-management-system-back-end)
[INFO ] 2020-10-13 23:04:56,592 [main] c.j.r.RestaurantsystemApplication - No active profile set, falling back to default profiles: default
[INFO ] 2020-10-13 23:04:57,505 [main] o.s.b.w.e.tomcat.TomcatWebServer - Tomcat initialized with port(s): 8080 (http)
[INFO ] 2020-10-13 23:04:57,511 [main] o.a.coyote.http11.Http11NioProtocol - Initializing ProtocolHandler ["http-nio-8080"]
[INFO ] 2020-10-13 23:04:57,511 [main] o.a.catalina.core.StandardService - Starting service [Tomcat]
[INFO ] 2020-10-13 23:04:57,511 [main] o.a.catalina.core.StandardEngine - Starting Servlet engine: [Apache Tomcat/9.0.38]
[INFO ] 2020-10-13 23:04:57,568 [main] o.a.c.c.C.[Tomcat].[localhost].[/] - Initializing Spring embedded WebApplicationContext
[INFO ] 2020-10-13 23:04:57,568 [main] o.s.b.w.s.c.ServletWebServerApplicationContext - Root WebApplicationContext: initialization completed in 938 ms
[INFO ] 2020-10-13 23:04:57,764 [main] c.j.r.config.JedisConfig - JedisPool注入成功！
[INFO ] 2020-10-13 23:04:57,766 [main] c.j.r.config.JedisConfig - redis地址：47.99.162.57:6379
[INFO ] 2020-10-13 23:04:59,971 [main] o.a.catalina.core.StandardService - Stopping service [Tomcat]
[INFO ] 2020-10-13 23:07:56,617 [main] c.j.r.RestaurantsystemApplication - Starting RestaurantsystemApplication on LAPTOP-JT8LVH4O with PID 14268 (C:\Users\jc\Desktop\DBCourseDesign\restaurant-management-system\restaurant-management-system-back-end\target\classes started by jc in C:\Users\jc\Desktop\DBCourseDesign\restaurant-management-system\restaurant-management-system-back-end)
[INFO ] 2020-10-13 23:07:56,618 [main] c.j.r.RestaurantsystemApplication - No active profile set, falling back to default profiles: default
[INFO ] 2020-10-13 23:07:57,543 [main] o.s.b.w.e.tomcat.TomcatWebServer - Tomcat initialized with port(s): 8080 (http)
[INFO ] 2020-10-13 23:07:57,549 [main] o.a.coyote.http11.Http11NioProtocol - Initializing ProtocolHandler ["http-nio-8080"]
[INFO ] 2020-10-13 23:07:57,549 [main] o.a.catalina.core.StandardService - Starting service [Tomcat]
[INFO ] 2020-10-13 23:07:57,549 [main] o.a.catalina.core.StandardEngine - Starting Servlet engine: [Apache Tomcat/9.0.38]
[INFO ] 2020-10-13 23:07:57,608 [main] o.a.c.c.C.[Tomcat].[localhost].[/] - Initializing Spring embedded WebApplicationContext
[INFO ] 2020-10-13 23:07:57,608 [main] o.s.b.w.s.c.ServletWebServerApplicationContext - Root WebApplicationContext: initialization completed in 951 ms
[INFO ] 2020-10-13 23:07:57,806 [main] c.j.r.config.JedisConfig - JedisPool注入成功！
[INFO ] 2020-10-13 23:07:57,808 [main] c.j.r.config.JedisConfig - redis地址：47.99.162.57:6379
[INFO ] 2020-10-13 23:08:00,457 [main] o.a.catalina.core.StandardService - Stopping service [Tomcat]
[INFO ] 2020-10-13 23:14:31,562 [main] c.j.r.RestaurantsystemApplication - Starting RestaurantsystemApplication on LAPTOP-JT8LVH4O with PID 2520 (C:\Users\jc\Desktop\DBCourseDesign\restaurant-management-system\restaurant-management-system-back-end\target\classes started by jc in C:\Users\jc\Desktop\DBCourseDesign\restaurant-management-system\restaurant-management-system-back-end)
[INFO ] 2020-10-13 23:14:31,564 [main] c.j.r.RestaurantsystemApplication - No active profile set, falling back to default profiles: default
[INFO ] 2020-10-13 23:14:32,592 [main] o.s.b.w.e.tomcat.TomcatWebServer - Tomcat initialized with port(s): 8080 (http)
[INFO ] 2020-10-13 23:14:32,599 [main] o.a.coyote.http11.Http11NioProtocol - Initializing ProtocolHandler ["http-nio-8080"]
[INFO ] 2020-10-13 23:14:32,599 [main] o.a.catalina.core.StandardService - Starting service [Tomcat]
[INFO ] 2020-10-13 23:14:32,599 [main] o.a.catalina.core.StandardEngine - Starting Servlet engine: [Apache Tomcat/9.0.38]
[INFO ] 2020-10-13 23:14:32,664 [main] o.a.c.c.C.[Tomcat].[localhost].[/] - Initializing Spring embedded WebApplicationContext
[INFO ] 2020-10-13 23:14:32,664 [main] o.s.b.w.s.c.ServletWebServerApplicationContext - Root WebApplicationContext: initialization completed in 1040 ms
[INFO ] 2020-10-13 23:14:32,711 [main] o.a.catalina.core.StandardService - Stopping service [Tomcat]
[INFO ] 2020-10-13 23:15:07,679 [main] c.j.r.RestaurantsystemApplication - Starting RestaurantsystemApplication on LAPTOP-JT8LVH4O with PID 9004 (C:\Users\jc\Desktop\DBCourseDesign\restaurant-management-system\restaurant-management-system-back-end\target\classes started by jc in C:\Users\jc\Desktop\DBCourseDesign\restaurant-management-system\restaurant-management-system-back-end)
[INFO ] 2020-10-13 23:15:07,680 [main] c.j.r.RestaurantsystemApplication - No active profile set, falling back to default profiles: default
[INFO ] 2020-10-13 23:15:08,704 [main] o.s.b.w.e.tomcat.TomcatWebServer - Tomcat initialized with port(s): 8080 (http)
[INFO ] 2020-10-13 23:15:08,710 [main] o.a.coyote.http11.Http11NioProtocol - Initializing ProtocolHandler ["http-nio-8080"]
[INFO ] 2020-10-13 23:15:08,711 [main] o.a.catalina.core.StandardService - Starting service [Tomcat]
[INFO ] 2020-10-13 23:15:08,711 [main] o.a.catalina.core.StandardEngine - Starting Servlet engine: [Apache Tomcat/9.0.38]
[INFO ] 2020-10-13 23:15:08,781 [main] o.a.c.c.C.[Tomcat].[localhost].[/] - Initializing Spring embedded WebApplicationContext
[INFO ] 2020-10-13 23:15:08,781 [main] o.s.b.w.s.c.ServletWebServerApplicationContext - Root WebApplicationContext: initialization completed in 1048 ms
[INFO ] 2020-10-13 23:15:09,020 [main] o.a.catalina.core.StandardService - Stopping service [Tomcat]
[INFO ] 2020-10-13 23:24:07,274 [main] c.j.r.RestaurantsystemApplication - Starting RestaurantsystemApplication on LAPTOP-JT8LVH4O with PID 9180 (C:\Users\jc\Desktop\DBCourseDesign\restaurant-management-system\restaurant-management-system-back-end\target\classes started by jc in C:\Users\jc\Desktop\DBCourseDesign\restaurant-management-system\restaurant-management-system-back-end)
[INFO ] 2020-10-13 23:24:07,276 [main] c.j.r.RestaurantsystemApplication - No active profile set, falling back to default profiles: default
[INFO ] 2020-10-13 23:24:08,505 [main] o.s.b.w.e.tomcat.TomcatWebServer - Tomcat initialized with port(s): 8080 (http)
[INFO ] 2020-10-13 23:24:08,512 [main] o.a.coyote.http11.Http11NioProtocol - Initializing ProtocolHandler ["http-nio-8080"]
[INFO ] 2020-10-13 23:24:08,513 [main] o.a.catalina.core.StandardService - Starting service [Tomcat]
[INFO ] 2020-10-13 23:24:08,513 [main] o.a.catalina.core.StandardEngine - Starting Servlet engine: [Apache Tomcat/9.0.38]
[INFO ] 2020-10-13 23:24:08,576 [main] o.a.c.c.C.[Tomcat].[localhost].[/] - Initializing Spring embedded WebApplicationContext
[INFO ] 2020-10-13 23:24:08,576 [main] o.s.b.w.s.c.ServletWebServerApplicationContext - Root WebApplicationContext: initialization completed in 1248 ms
[INFO ] 2020-10-13 23:24:09,045 [main] s.d.s.w.PropertySourcedRequestMappingHandlerMapping - Mapped URL path [/v2/api-docs] onto method [springfox.documentation.swagger2.web.Swagger2Controller#getDocumentation(String, HttpServletRequest)]
[INFO ] 2020-10-13 23:24:09,108 [main] o.s.s.c.ThreadPoolTaskExecutor - Initializing ExecutorService 'applicationTaskExecutor'
[INFO ] 2020-10-13 23:24:09,213 [main] o.a.coyote.http11.Http11NioProtocol - Starting ProtocolHandler ["http-nio-8080"]
[INFO ] 2020-10-13 23:24:09,229 [main] o.s.b.w.e.tomcat.TomcatWebServer - Tomcat started on port(s): 8080 (http) with context path ''
[INFO ] 2020-10-13 23:24:09,230 [main] s.d.s.w.p.DocumentationPluginsBootstrapper - Context refreshed
[INFO ] 2020-10-13 23:24:09,240 [main] s.d.s.w.p.DocumentationPluginsBootstrapper - Found 1 custom documentation plugin(s)
[INFO ] 2020-10-13 23:24:09,262 [main] s.d.s.w.s.ApiListingReferenceScanner - Scanning for api listing references
[INFO ] 2020-10-13 23:24:09,351 [main] s.d.s.w.r.o.CachingOperationNameGenerator - Generating unique operation named: getByTasteUsingGET_1
[INFO ] 2020-10-13 23:24:09,359 [main] s.d.s.w.r.o.CachingOperationNameGenerator - Generating unique operation named: loginUsingPOST_1
[INFO ] 2020-10-13 23:24:09,366 [main] s.d.s.w.r.o.CachingOperationNameGenerator - Generating unique operation named: deleteUsingPOST_1
[INFO ] 2020-10-13 23:24:09,368 [main] s.d.s.w.r.o.CachingOperationNameGenerator - Generating unique operation named: getbackPassUsingPOST_1
[INFO ] 2020-10-13 23:24:09,370 [main] s.d.s.w.r.o.CachingOperationNameGenerator - Generating unique operation named: loginUsingPOST_2
[INFO ] 2020-10-13 23:24:09,371 [main] s.d.s.w.r.o.CachingOperationNameGenerator - Generating unique operation named: modifyPassUsingPOST_1
[INFO ] 2020-10-13 23:24:09,391 [main] c.j.r.RestaurantsystemApplication - Started RestaurantsystemApplication in 2.38 seconds (JVM running for 3.303)
[INFO ] 2020-10-13 23:24:31,404 [http-nio-8080-exec-1] o.a.tomcat.util.http.parser.Cookie - A cookie header was received [1602220130,1602225982,1602251898] that contained an invalid cookie. That cookie will be ignored.
 Note: further occurrences of this error will be logged at DEBUG level.
[INFO ] 2020-10-13 23:24:31,409 [http-nio-8080-exec-1] o.a.c.c.C.[Tomcat].[localhost].[/] - Initializing Spring DispatcherServlet 'dispatcherServlet'
[INFO ] 2020-10-13 23:24:31,409 [http-nio-8080-exec-1] o.s.web.servlet.DispatcherServlet - Initializing Servlet 'dispatcherServlet'
[INFO ] 2020-10-13 23:24:31,415 [http-nio-8080-exec-1] o.s.web.servlet.DispatcherServlet - Completed initialization in 6 ms
[INFO ] 2020-10-13 23:29:56,485 [main] c.j.r.RestaurantsystemApplication - Starting RestaurantsystemApplication on LAPTOP-JT8LVH4O with PID 14560 (C:\Users\jc\Desktop\DBCourseDesign\restaurant-management-system\restaurant-management-system-back-end\target\classes started by jc in C:\Users\jc\Desktop\DBCourseDesign\restaurant-management-system\restaurant-management-system-back-end)
[INFO ] 2020-10-13 23:29:56,486 [main] c.j.r.RestaurantsystemApplication - No active profile set, falling back to default profiles: default
[INFO ] 2020-10-13 23:29:57,368 [main] o.s.b.w.e.tomcat.TomcatWebServer - Tomcat initialized with port(s): 8080 (http)
[INFO ] 2020-10-13 23:29:57,374 [main] o.a.coyote.http11.Http11NioProtocol - Initializing ProtocolHandler ["http-nio-8080"]
[INFO ] 2020-10-13 23:29:57,374 [main] o.a.catalina.core.StandardService - Starting service [Tomcat]
[INFO ] 2020-10-13 23:29:57,374 [main] o.a.catalina.core.StandardEngine - Starting Servlet engine: [Apache Tomcat/9.0.38]
[INFO ] 2020-10-13 23:29:57,450 [main] o.a.c.c.C.[Tomcat].[localhost].[/] - Initializing Spring embedded WebApplicationContext
[INFO ] 2020-10-13 23:29:57,450 [main] o.s.b.w.s.c.ServletWebServerApplicationContext - Root WebApplicationContext: initialization completed in 921 ms
[INFO ] 2020-10-13 23:29:57,852 [main] s.d.s.w.PropertySourcedRequestMappingHandlerMapping - Mapped URL path [/v2/api-docs] onto method [springfox.documentation.swagger2.web.Swagger2Controller#getDocumentation(String, HttpServletRequest)]
[INFO ] 2020-10-13 23:29:57,921 [main] o.s.s.c.ThreadPoolTaskExecutor - Initializing ExecutorService 'applicationTaskExecutor'
[INFO ] 2020-10-13 23:29:58,026 [main] o.a.coyote.http11.Http11NioProtocol - Starting ProtocolHandler ["http-nio-8080"]
[INFO ] 2020-10-13 23:29:58,057 [main] o.s.b.w.e.tomcat.TomcatWebServer - Tomcat started on port(s): 8080 (http) with context path ''
[INFO ] 2020-10-13 23:29:58,059 [main] s.d.s.w.p.DocumentationPluginsBootstrapper - Context refreshed
[INFO ] 2020-10-13 23:29:58,076 [main] s.d.s.w.p.DocumentationPluginsBootstrapper - Found 1 custom documentation plugin(s)
[INFO ] 2020-10-13 23:29:58,100 [main] s.d.s.w.s.ApiListingReferenceScanner - Scanning for api listing references
[INFO ] 2020-10-13 23:29:58,179 [main] s.d.s.w.r.o.CachingOperationNameGenerator - Generating unique operation named: getByTasteUsingGET_1
[INFO ] 2020-10-13 23:29:58,188 [main] s.d.s.w.r.o.CachingOperationNameGenerator - Generating unique operation named: loginUsingPOST_1
[INFO ] 2020-10-13 23:29:58,195 [main] s.d.s.w.r.o.CachingOperationNameGenerator - Generating unique operation named: deleteUsingPOST_1
[INFO ] 2020-10-13 23:29:58,197 [main] s.d.s.w.r.o.CachingOperationNameGenerator - Generating unique operation named: getbackPassUsingPOST_1
[INFO ] 2020-10-13 23:29:58,198 [main] s.d.s.w.r.o.CachingOperationNameGenerator - Generating unique operation named: loginUsingPOST_2
[INFO ] 2020-10-13 23:29:58,200 [main] s.d.s.w.r.o.CachingOperationNameGenerator - Generating unique operation named: modifyPassUsingPOST_1
[INFO ] 2020-10-13 23:29:58,219 [main] c.j.r.RestaurantsystemApplication - Started RestaurantsystemApplication in 2.007 seconds (JVM running for 3.106)
[INFO ] 2020-10-13 23:30:03,418 [http-nio-8080-exec-1] o.a.tomcat.util.http.parser.Cookie - A cookie header was received [1602220130,1602225982,1602251898] that contained an invalid cookie. That cookie will be ignored.
 Note: further occurrences of this error will be logged at DEBUG level.
[INFO ] 2020-10-13 23:30:03,423 [http-nio-8080-exec-1] o.a.c.c.C.[Tomcat].[localhost].[/] - Initializing Spring DispatcherServlet 'dispatcherServlet'
[INFO ] 2020-10-13 23:30:03,423 [http-nio-8080-exec-1] o.s.web.servlet.DispatcherServlet - Initializing Servlet 'dispatcherServlet'
[INFO ] 2020-10-13 23:30:03,429 [http-nio-8080-exec-1] o.s.web.servlet.DispatcherServlet - Completed initialization in 6 ms
[INFO ] 2020-10-13 23:32:00,966 [main] c.j.r.RestaurantsystemApplication - Starting RestaurantsystemApplication on LAPTOP-JT8LVH4O with PID 10292 (C:\Users\jc\Desktop\DBCourseDesign\restaurant-management-system\restaurant-management-system-back-end\target\classes started by jc in C:\Users\jc\Desktop\DBCourseDesign\restaurant-management-system\restaurant-management-system-back-end)
[INFO ] 2020-10-13 23:32:00,967 [main] c.j.r.RestaurantsystemApplication - No active profile set, falling back to default profiles: default
[INFO ] 2020-10-13 23:32:02,129 [main] o.s.b.w.e.tomcat.TomcatWebServer - Tomcat initialized with port(s): 8080 (http)
[INFO ] 2020-10-13 23:32:02,136 [main] o.a.coyote.http11.Http11NioProtocol - Initializing ProtocolHandler ["http-nio-8080"]
[INFO ] 2020-10-13 23:32:02,136 [main] o.a.catalina.core.StandardService - Starting service [Tomcat]
[INFO ] 2020-10-13 23:32:02,137 [main] o.a.catalina.core.StandardEngine - Starting Servlet engine: [Apache Tomcat/9.0.38]
[INFO ] 2020-10-13 23:32:02,197 [main] o.a.c.c.C.[Tomcat].[localhost].[/] - Initializing Spring embedded WebApplicationContext
[INFO ] 2020-10-13 23:32:02,197 [main] o.s.b.w.s.c.ServletWebServerApplicationContext - Root WebApplicationContext: initialization completed in 1164 ms
[INFO ] 2020-10-13 23:32:02,720 [main] s.d.s.w.PropertySourcedRequestMappingHandlerMapping - Mapped URL path [/v2/api-docs] onto method [springfox.documentation.swagger2.web.Swagger2Controller#getDocumentation(String, HttpServletRequest)]
[INFO ] 2020-10-13 23:32:02,787 [main] o.s.s.c.ThreadPoolTaskExecutor - Initializing ExecutorService 'applicationTaskExecutor'
[INFO ] 2020-10-13 23:32:02,887 [main] o.a.coyote.http11.Http11NioProtocol - Starting ProtocolHandler ["http-nio-8080"]
[INFO ] 2020-10-13 23:32:02,906 [main] o.s.b.w.e.tomcat.TomcatWebServer - Tomcat started on port(s): 8080 (http) with context path ''
[INFO ] 2020-10-13 23:32:02,906 [main] s.d.s.w.p.DocumentationPluginsBootstrapper - Context refreshed
[INFO ] 2020-10-13 23:32:02,918 [main] s.d.s.w.p.DocumentationPluginsBootstrapper - Found 1 custom documentation plugin(s)
[INFO ] 2020-10-13 23:32:02,939 [main] s.d.s.w.s.ApiListingReferenceScanner - Scanning for api listing references
[INFO ] 2020-10-13 23:32:03,025 [main] s.d.s.w.r.o.CachingOperationNameGenerator - Generating unique operation named: getByTasteUsingGET_1
[INFO ] 2020-10-13 23:32:03,034 [main] s.d.s.w.r.o.CachingOperationNameGenerator - Generating unique operation named: loginUsingPOST_1
[INFO ] 2020-10-13 23:32:03,041 [main] s.d.s.w.r.o.CachingOperationNameGenerator - Generating unique operation named: deleteUsingPOST_1
[INFO ] 2020-10-13 23:32:03,043 [main] s.d.s.w.r.o.CachingOperationNameGenerator - Generating unique operation named: getbackPassUsingPOST_1
[INFO ] 2020-10-13 23:32:03,044 [main] s.d.s.w.r.o.CachingOperationNameGenerator - Generating unique operation named: loginUsingPOST_2
[INFO ] 2020-10-13 23:32:03,046 [main] s.d.s.w.r.o.CachingOperationNameGenerator - Generating unique operation named: modifyPassUsingPOST_1
[INFO ] 2020-10-13 23:32:03,066 [main] c.j.r.RestaurantsystemApplication - Started RestaurantsystemApplication in 2.355 seconds (JVM running for 3.36)
[INFO ] 2020-10-13 23:32:05,994 [http-nio-8080-exec-1] o.a.tomcat.util.http.parser.Cookie - A cookie header was received [1602220130,1602225982,1602251898] that contained an invalid cookie. That cookie will be ignored.
 Note: further occurrences of this error will be logged at DEBUG level.
[INFO ] 2020-10-13 23:32:06,000 [http-nio-8080-exec-1] o.a.c.c.C.[Tomcat].[localhost].[/] - Initializing Spring DispatcherServlet 'dispatcherServlet'
[INFO ] 2020-10-13 23:32:06,000 [http-nio-8080-exec-1] o.s.web.servlet.DispatcherServlet - Initializing Servlet 'dispatcherServlet'
[INFO ] 2020-10-13 23:32:06,006 [http-nio-8080-exec-1] o.s.web.servlet.DispatcherServlet - Completed initialization in 6 ms
