[ERROR] 2020-10-13 20:20:38,152 [main] o.s.b.d.LoggingFailureAnalysisReporter - 

***************************
APPLICATION FAILED TO START
***************************

Description:

Field userService in com.jiac.restaurantsystem.controller.UserController required a bean of type 'com.jiac.restaurantsystem.service.UserService' that could not be found.

The injection point has the following annotations:
	- @org.springframework.beans.factory.annotation.Autowired(required=true)


Action:

Consider defining a bean of type 'com.jiac.restaurantsystem.service.UserService' in your configuration.

[ERROR] 2020-10-13 20:21:21,193 [main] o.s.b.d.LoggingFailureAnalysisReporter - 

***************************
APPLICATION FAILED TO START
***************************

Description:

Field userMapper in com.jiac.restaurantsystem.service.impl.UserServiceImpl required a bean of type 'com.jiac.restaurantsystem.mapper.UserMapper' that could not be found.

The injection point has the following annotations:
	- @org.springframework.beans.factory.annotation.Autowired(required=true)


Action:

Consider defining a bean of type 'com.jiac.restaurantsystem.mapper.UserMapper' in your configuration.

