[INFO ] 2020-10-13 20:20:35,908 [main] c.j.r.RestaurantsystemApplication - Starting RestaurantsystemApplication on LAPTOP-JT8LVH4O with PID 5040 (C:\Users\jc\Desktop\DBCourseDesign\restaurant-management-system\restaurant-management-system-back-end\target\classes started by jc in C:\Users\jc\Desktop\DBCourseDesign\restaurant-management-system\restaurant-management-system-back-end)
[INFO ] 2020-10-13 20:20:35,910 [main] c.j.r.RestaurantsystemApplication - No active profile set, falling back to default profiles: default
[INFO ] 2020-10-13 20:20:37,823 [main] o.s.b.w.e.tomcat.TomcatWebServer - Tomcat initialized with port(s): 8080 (http)
[INFO ] 2020-10-13 20:20:37,833 [main] o.a.coyote.http11.Http11NioProtocol - Initializing ProtocolHandler ["http-nio-8080"]
[INFO ] 2020-10-13 20:20:37,836 [main] o.a.catalina.core.StandardService - Starting service [Tomcat]
[INFO ] 2020-10-13 20:20:37,836 [main] o.a.catalina.core.StandardEngine - Starting Servlet engine: [Apache Tomcat/9.0.38]
[INFO ] 2020-10-13 20:20:37,936 [main] o.a.c.c.C.[Tomcat].[localhost].[/] - Initializing Spring embedded WebApplicationContext
[INFO ] 2020-10-13 20:20:37,936 [main] o.s.b.w.s.c.ServletWebServerApplicationContext - Root WebApplicationContext: initialization completed in 1970 ms
[INFO ] 2020-10-13 20:20:38,003 [main] o.a.catalina.core.StandardService - Stopping service [Tomcat]
[INFO ] 2020-10-13 20:21:19,708 [main] c.j.r.RestaurantsystemApplication - Starting RestaurantsystemApplication on LAPTOP-JT8LVH4O with PID 15704 (C:\Users\jc\Desktop\DBCourseDesign\restaurant-management-system\restaurant-management-system-back-end\target\classes started by jc in C:\Users\jc\Desktop\DBCourseDesign\restaurant-management-system\restaurant-management-system-back-end)
[INFO ] 2020-10-13 20:21:19,710 [main] c.j.r.RestaurantsystemApplication - No active profile set, falling back to default profiles: default
[INFO ] 2020-10-13 20:21:20,893 [main] o.s.b.w.e.tomcat.TomcatWebServer - Tomcat initialized with port(s): 8080 (http)
[INFO ] 2020-10-13 20:21:20,901 [main] o.a.coyote.http11.Http11NioProtocol - Initializing ProtocolHandler ["http-nio-8080"]
[INFO ] 2020-10-13 20:21:20,901 [main] o.a.catalina.core.StandardService - Starting service [Tomcat]
[INFO ] 2020-10-13 20:21:20,901 [main] o.a.catalina.core.StandardEngine - Starting Servlet engine: [Apache Tomcat/9.0.38]
[INFO ] 2020-10-13 20:21:21,023 [main] o.a.c.c.C.[Tomcat].[localhost].[/] - Initializing Spring embedded WebApplicationContext
[INFO ] 2020-10-13 20:21:21,023 [main] o.s.b.w.s.c.ServletWebServerApplicationContext - Root WebApplicationContext: initialization completed in 1265 ms
[INFO ] 2020-10-13 20:21:21,087 [main] o.a.catalina.core.StandardService - Stopping service [Tomcat]
[INFO ] 2020-10-13 20:30:20,563 [main] c.j.r.RestaurantsystemApplication - Starting RestaurantsystemApplication on LAPTOP-JT8LVH4O with PID 10140 (C:\Users\jc\Desktop\DBCourseDesign\restaurant-management-system\restaurant-management-system-back-end\target\classes started by jc in C:\Users\jc\Desktop\DBCourseDesign\restaurant-management-system\restaurant-management-system-back-end)
[INFO ] 2020-10-13 20:30:20,564 [main] c.j.r.RestaurantsystemApplication - No active profile set, falling back to default profiles: default
[INFO ] 2020-10-13 20:30:21,692 [main] o.s.b.w.e.tomcat.TomcatWebServer - Tomcat initialized with port(s): 8080 (http)
[INFO ] 2020-10-13 20:30:21,701 [main] o.a.coyote.http11.Http11NioProtocol - Initializing ProtocolHandler ["http-nio-8080"]
[INFO ] 2020-10-13 20:30:21,701 [main] o.a.catalina.core.StandardService - Starting service [Tomcat]
[INFO ] 2020-10-13 20:30:21,706 [main] o.a.catalina.core.StandardEngine - Starting Servlet engine: [Apache Tomcat/9.0.38]
[INFO ] 2020-10-13 20:30:21,815 [main] o.a.c.c.C.[Tomcat].[localhost].[/] - Initializing Spring embedded WebApplicationContext
[INFO ] 2020-10-13 20:30:21,816 [main] o.s.b.w.s.c.ServletWebServerApplicationContext - Root WebApplicationContext: initialization completed in 1200 ms
[INFO ] 2020-10-13 20:30:22,395 [main] s.d.s.w.PropertySourcedRequestMappingHandlerMapping - Mapped URL path [/v2/api-docs] onto method [springfox.documentation.swagger2.web.Swagger2Controller#getDocumentation(String, HttpServletRequest)]
[INFO ] 2020-10-13 20:30:22,474 [main] o.s.s.c.ThreadPoolTaskExecutor - Initializing ExecutorService 'applicationTaskExecutor'
[INFO ] 2020-10-13 20:30:22,635 [main] o.a.coyote.http11.Http11NioProtocol - Starting ProtocolHandler ["http-nio-8080"]
[INFO ] 2020-10-13 20:30:22,656 [main] o.s.b.w.e.tomcat.TomcatWebServer - Tomcat started on port(s): 8080 (http) with context path ''
[INFO ] 2020-10-13 20:30:22,658 [main] s.d.s.w.p.DocumentationPluginsBootstrapper - Context refreshed
[INFO ] 2020-10-13 20:30:22,676 [main] s.d.s.w.p.DocumentationPluginsBootstrapper - Found 1 custom documentation plugin(s)
[INFO ] 2020-10-13 20:30:22,703 [main] s.d.s.w.s.ApiListingReferenceScanner - Scanning for api listing references
[INFO ] 2020-10-13 20:30:22,819 [main] s.d.s.w.r.o.CachingOperationNameGenerator - Generating unique operation named: getByTasteUsingGET_1
[INFO ] 2020-10-13 20:30:22,830 [main] s.d.s.w.r.o.CachingOperationNameGenerator - Generating unique operation named: loginUsingPOST_1
[INFO ] 2020-10-13 20:30:22,839 [main] s.d.s.w.r.o.CachingOperationNameGenerator - Generating unique operation named: deleteUsingPOST_1
[INFO ] 2020-10-13 20:30:22,841 [main] s.d.s.w.r.o.CachingOperationNameGenerator - Generating unique operation named: getbackPassUsingPOST_1
[INFO ] 2020-10-13 20:30:22,843 [main] s.d.s.w.r.o.CachingOperationNameGenerator - Generating unique operation named: loginUsingPOST_2
[INFO ] 2020-10-13 20:30:22,845 [main] s.d.s.w.r.o.CachingOperationNameGenerator - Generating unique operation named: modifyPassUsingPOST_1
[INFO ] 2020-10-13 20:30:22,871 [main] c.j.r.RestaurantsystemApplication - Started RestaurantsystemApplication in 2.662 seconds (JVM running for 4.164)
[INFO ] 2020-10-13 20:30:45,008 [http-nio-8080-exec-1] o.a.tomcat.util.http.parser.Cookie - A cookie header was received [1602220130,1602225982,1602251898] that contained an invalid cookie. That cookie will be ignored.
 Note: further occurrences of this error will be logged at DEBUG level.
[INFO ] 2020-10-13 20:30:45,020 [http-nio-8080-exec-1] o.a.c.c.C.[Tomcat].[localhost].[/] - Initializing Spring DispatcherServlet 'dispatcherServlet'
[INFO ] 2020-10-13 20:30:45,020 [http-nio-8080-exec-1] o.s.web.servlet.DispatcherServlet - Initializing Servlet 'dispatcherServlet'
[INFO ] 2020-10-13 20:30:45,033 [http-nio-8080-exec-1] o.s.web.servlet.DispatcherServlet - Completed initialization in 13 ms
[INFO ] 2020-10-13 20:30:45,079 [http-nio-8080-exec-1] c.j.r.service.impl.UserServiceImpl - test api , parameter id1
[INFO ] 2020-10-13 20:30:45,181 [http-nio-8080-exec-1] c.alibaba.druid.pool.DruidDataSource - {dataSource-1} inited
[INFO ] 2020-10-13 20:31:30,941 [main] c.j.r.RestaurantsystemApplication - Starting RestaurantsystemApplication on LAPTOP-JT8LVH4O with PID 11360 (C:\Users\jc\Desktop\DBCourseDesign\restaurant-management-system\restaurant-management-system-back-end\target\classes started by jc in C:\Users\jc\Desktop\DBCourseDesign\restaurant-management-system\restaurant-management-system-back-end)
[INFO ] 2020-10-13 20:31:30,943 [main] c.j.r.RestaurantsystemApplication - No active profile set, falling back to default profiles: default
[INFO ] 2020-10-13 20:31:32,252 [main] o.s.b.w.e.tomcat.TomcatWebServer - Tomcat initialized with port(s): 8080 (http)
[INFO ] 2020-10-13 20:31:32,262 [main] o.a.coyote.http11.Http11NioProtocol - Initializing ProtocolHandler ["http-nio-8080"]
[INFO ] 2020-10-13 20:31:32,262 [main] o.a.catalina.core.StandardService - Starting service [Tomcat]
[INFO ] 2020-10-13 20:31:32,262 [main] o.a.catalina.core.StandardEngine - Starting Servlet engine: [Apache Tomcat/9.0.38]
[INFO ] 2020-10-13 20:31:32,370 [main] o.a.c.c.C.[Tomcat].[localhost].[/] - Initializing Spring embedded WebApplicationContext
[INFO ] 2020-10-13 20:31:32,370 [main] o.s.b.w.s.c.ServletWebServerApplicationContext - Root WebApplicationContext: initialization completed in 1374 ms
[INFO ] 2020-10-13 20:31:32,923 [main] s.d.s.w.PropertySourcedRequestMappingHandlerMapping - Mapped URL path [/v2/api-docs] onto method [springfox.documentation.swagger2.web.Swagger2Controller#getDocumentation(String, HttpServletRequest)]
[INFO ] 2020-10-13 20:31:33,002 [main] o.s.s.c.ThreadPoolTaskExecutor - Initializing ExecutorService 'applicationTaskExecutor'
[INFO ] 2020-10-13 20:31:33,171 [main] o.a.coyote.http11.Http11NioProtocol - Starting ProtocolHandler ["http-nio-8080"]
[INFO ] 2020-10-13 20:31:33,196 [main] o.s.b.w.e.tomcat.TomcatWebServer - Tomcat started on port(s): 8080 (http) with context path ''
[INFO ] 2020-10-13 20:31:33,198 [main] s.d.s.w.p.DocumentationPluginsBootstrapper - Context refreshed
[INFO ] 2020-10-13 20:31:33,210 [main] s.d.s.w.p.DocumentationPluginsBootstrapper - Found 1 custom documentation plugin(s)
[INFO ] 2020-10-13 20:31:33,234 [main] s.d.s.w.s.ApiListingReferenceScanner - Scanning for api listing references
[INFO ] 2020-10-13 20:31:33,367 [main] s.d.s.w.r.o.CachingOperationNameGenerator - Generating unique operation named: getByTasteUsingGET_1
[INFO ] 2020-10-13 20:31:33,387 [main] s.d.s.w.r.o.CachingOperationNameGenerator - Generating unique operation named: loginUsingPOST_1
[INFO ] 2020-10-13 20:31:33,402 [main] s.d.s.w.r.o.CachingOperationNameGenerator - Generating unique operation named: deleteUsingPOST_1
[INFO ] 2020-10-13 20:31:33,404 [main] s.d.s.w.r.o.CachingOperationNameGenerator - Generating unique operation named: getbackPassUsingPOST_1
[INFO ] 2020-10-13 20:31:33,407 [main] s.d.s.w.r.o.CachingOperationNameGenerator - Generating unique operation named: loginUsingPOST_2
[INFO ] 2020-10-13 20:31:33,410 [main] s.d.s.w.r.o.CachingOperationNameGenerator - Generating unique operation named: modifyPassUsingPOST_1
[INFO ] 2020-10-13 20:31:33,435 [main] c.j.r.RestaurantsystemApplication - Started RestaurantsystemApplication in 2.93 seconds (JVM running for 4.214)
[INFO ] 2020-10-13 20:31:37,092 [http-nio-8080-exec-1] o.a.tomcat.util.http.parser.Cookie - A cookie header was received [1602220130,1602225982,1602251898] that contained an invalid cookie. That cookie will be ignored.
 Note: further occurrences of this error will be logged at DEBUG level.
[INFO ] 2020-10-13 20:31:37,105 [http-nio-8080-exec-1] o.a.c.c.C.[Tomcat].[localhost].[/] - Initializing Spring DispatcherServlet 'dispatcherServlet'
[INFO ] 2020-10-13 20:31:37,105 [http-nio-8080-exec-1] o.s.web.servlet.DispatcherServlet - Initializing Servlet 'dispatcherServlet'
[INFO ] 2020-10-13 20:31:37,120 [http-nio-8080-exec-1] o.s.web.servlet.DispatcherServlet - Completed initialization in 15 ms
[INFO ] 2020-10-13 20:31:37,161 [http-nio-8080-exec-1] c.j.r.service.impl.UserServiceImpl - test api , parameter id1
[INFO ] 2020-10-13 20:31:37,248 [http-nio-8080-exec-1] c.alibaba.druid.pool.DruidDataSource - {dataSource-1} inited
[INFO ] 2020-10-13 20:32:13,927 [main] c.j.r.RestaurantsystemApplication - Starting RestaurantsystemApplication on LAPTOP-JT8LVH4O with PID 4340 (C:\Users\jc\Desktop\DBCourseDesign\restaurant-management-system\restaurant-management-system-back-end\target\classes started by jc in C:\Users\jc\Desktop\DBCourseDesign\restaurant-management-system\restaurant-management-system-back-end)
[INFO ] 2020-10-13 20:32:13,928 [main] c.j.r.RestaurantsystemApplication - No active profile set, falling back to default profiles: default
[INFO ] 2020-10-13 20:32:15,068 [main] o.s.b.w.e.tomcat.TomcatWebServer - Tomcat initialized with port(s): 8080 (http)
[INFO ] 2020-10-13 20:32:15,080 [main] o.a.coyote.http11.Http11NioProtocol - Initializing ProtocolHandler ["http-nio-8080"]
[INFO ] 2020-10-13 20:32:15,081 [main] o.a.catalina.core.StandardService - Starting service [Tomcat]
[INFO ] 2020-10-13 20:32:15,081 [main] o.a.catalina.core.StandardEngine - Starting Servlet engine: [Apache Tomcat/9.0.38]
[INFO ] 2020-10-13 20:32:15,173 [main] o.a.c.c.C.[Tomcat].[localhost].[/] - Initializing Spring embedded WebApplicationContext
[INFO ] 2020-10-13 20:32:15,174 [main] o.s.b.w.s.c.ServletWebServerApplicationContext - Root WebApplicationContext: initialization completed in 1182 ms
[INFO ] 2020-10-13 20:32:15,621 [main] s.d.s.w.PropertySourcedRequestMappingHandlerMapping - Mapped URL path [/v2/api-docs] onto method [springfox.documentation.swagger2.web.Swagger2Controller#getDocumentation(String, HttpServletRequest)]
[INFO ] 2020-10-13 20:32:15,694 [main] o.s.s.c.ThreadPoolTaskExecutor - Initializing ExecutorService 'applicationTaskExecutor'
[INFO ] 2020-10-13 20:32:15,821 [main] o.a.coyote.http11.Http11NioProtocol - Starting ProtocolHandler ["http-nio-8080"]
